#
# There is insufficient memory for the Java Runtime Environment to continue.
# Native memory allocation (mmap) failed to map 266338304 bytes for G1 virtual space
# Possible reasons:
#   The system is out of physical RAM or swap space
#   The process is running with CompressedOops enabled, and the Java Heap may be blocking the growth of the native heap
# Possible solutions:
#   Reduce memory load on the system
#   Increase physical memory or swap space
#   Check if swap backing store is full
#   Decrease Java heap size (-Xmx/-Xms)
#   Decrease number of Java threads
#   Decrease Java thread stack sizes (-Xss)
#   Set larger code cache with -XX:ReservedCodeCacheSize=
#   JVM is running with Zero Based Compressed Oops mode in which the Java heap is
#     placed in the first 32GB address space. The Java Heap base address is the
#     maximum limit for the native heap growth. Please use -XX:HeapBaseMinAddress
#     to set the Java Heap base and to place the Java Heap above 32GB virtual address.
# This output file may be truncated or incomplete.
#
#  Out of Memory Error (os_windows.cpp:3552), pid=17948, tid=26376
#
# JRE version:  (17.0.9+11) (build )
# Java VM: Java HotSpot(TM) 64-Bit Server VM (17.0.9+11-LTS-201, mixed mode, sharing, tiered, compressed oops, compressed class ptrs, g1 gc, windows-amd64)
# No core dump will be written. Minidumps are not enabled by default on client versions of Windows
#

---------------  S U M M A R Y ------------

Command Line: -Dfile.encoding=windows-1252 -Dstdout.encoding=windows-1252 -Dstderr.encoding=windows-1252 -XX:+ShowCodeDetailsInExceptionMessages com.sd.service.AzureDocumentIntelligenceClient

Host: Intel(R) Core(TM) i5-10310U CPU @ 1.70GHz, 8 cores, 15G,  Windows 10 , 64 bit Build 19041 (10.0.19041.4957)
Time: Fri Nov  1 17:31:42 2024 India Standard Time elapsed time: 0.287855 seconds (0d 0h 0m 0s)

---------------  T H R E A D  ---------------

Current thread (0x000001816f934730):  JavaThread "Unknown thread" [_thread_in_vm, id=26376, stack(0x000000395f200000,0x000000395f300000)]

Stack: [0x000000395f200000,0x000000395f300000]
Native frames: (J=compiled Java code, j=interpreted, Vv=VM code, C=native code)
V  [jvm.dll+0x678a4a]
V  [jvm.dll+0x7d9cfd]
V  [jvm.dll+0x7db60e]
V  [jvm.dll+0x7dbc73]
V  [jvm.dll+0x245e1f]
V  [jvm.dll+0x6758f9]
V  [jvm.dll+0x66a2a2]
V  [jvm.dll+0x303686]
V  [jvm.dll+0x30ac06]
V  [jvm.dll+0x35a48e]
V  [jvm.dll+0x35a6bf]
V  [jvm.dll+0x2da678]
V  [jvm.dll+0x2db5e4]
V  [jvm.dll+0x7ab6b1]
V  [jvm.dll+0x368041]
V  [jvm.dll+0x78a749]
V  [jvm.dll+0x3ebd4f]
V  [jvm.dll+0x3ed7d1]
C  [jli.dll+0x5297]
C  [ucrtbase.dll+0x21bb2]
C  [KERNEL32.DLL+0x17374]
C  [ntdll.dll+0x4cc91]


---------------  P R O C E S S  ---------------

Threads class SMR info:
_java_thread_list=0x00007ffcdff889d8, length=0, elements={
}

Java Threads: ( => current thread )

Other Threads:
  0x000001816f99e260 GCTaskThread "GC Thread#0" [stack: 0x000000395f300000,0x000000395f400000] [id=18544]
  0x000001816f9b0d20 ConcurrentGCThread "G1 Main Marker" [stack: 0x000000395f400000,0x000000395f500000] [id=27396]
  0x000001816f9b1640 ConcurrentGCThread "G1 Conc#0" [stack: 0x000000395f500000,0x000000395f600000] [id=18108]

[error occurred during error reporting (printing all threads), id 0xc0000005, EXCEPTION_ACCESS_VIOLATION (0xc0000005) at pc=0x00007ffcdf7bb2d7]

VM state: not at safepoint (not fully initialized)

VM Mutex/Monitor currently owned by a thread:  ([mutex/lock_event])
[0x000001816f931130] Heap_lock - owner thread: 0x000001816f934730

Heap address: 0x0000000703c00000, size: 4036 MB, Compressed Oops mode: Zero based, Oop shift amount: 3

CDS archive(s) mapped at: [0x0000000000000000-0x0000000000000000-0x0000000000000000), size 0, SharedBaseAddress: 0x0000000800000000, ArchiveRelocationMode: 1.
Narrow klass base: 0x0000000000000000, Narrow klass shift: 0, Narrow klass range: 0x0

GC Precious Log:
<Empty>

Heap:
 garbage-first heap   total 0K, used 0K [0x0000000703c00000, 0x0000000800000000)
  region size 2048K, 0 young (0K), 0 survivors (0K)

[error occurred during error reporting (printing heap information), id 0xc0000005, EXCEPTION_ACCESS_VIOLATION (0xc0000005) at pc=0x00007ffcdfba2229]

GC Heap History (0 events):
No events

Deoptimization events (0 events):
No events

Classes unloaded (0 events):
No events

Classes redefined (0 events):
No events

Internal exceptions (0 events):
No events

VM Operations (0 events):
No events

Events (1 events):
Event: 0.102 Loaded shared library C:\Incub\openjdk-11\jdk-17\bin\java.dll


Dynamic libraries:
0x00007ff6331b0000 - 0x00007ff6331c0000 	C:\Incub\openjdk-11\jdk-17\bin\javaw.exe
0x00007ffd43b50000 - 0x00007ffd43d48000 	C:\WINDOWS\SYSTEM32\ntdll.dll
0x00007ffd42210000 - 0x00007ffd422d2000 	C:\WINDOWS\System32\KERNEL32.DLL
0x00007ffd415f0000 - 0x00007ffd418ee000 	C:\WINDOWS\System32\KERNELBASE.dll
0x00007ffd3ed40000 - 0x00007ffd3ed5b000 	C:\Incub\openjdk-11\jdk-17\bin\VCRUNTIME140.dll
0x00007ffd38130000 - 0x00007ffd38149000 	C:\Incub\openjdk-11\jdk-17\bin\jli.dll
0x00007ffd41260000 - 0x00007ffd41360000 	C:\WINDOWS\System32\ucrtbase.dll
0x00007ffd431d0000 - 0x00007ffd43282000 	C:\WINDOWS\System32\ADVAPI32.dll
0x00007ffd41d10000 - 0x00007ffd41dae000 	C:\WINDOWS\System32\msvcrt.dll
0x00007ffd42140000 - 0x00007ffd421e0000 	C:\WINDOWS\System32\sechost.dll
0x00007ffd42f50000 - 0x00007ffd43073000 	C:\WINDOWS\System32\RPCRT4.dll
0x00007ffd414a0000 - 0x00007ffd414c7000 	C:\WINDOWS\System32\bcrypt.dll
0x00007ffd41b70000 - 0x00007ffd41d0d000 	C:\WINDOWS\System32\USER32.dll
0x00007ffd40410000 - 0x00007ffd406aa000 	C:\WINDOWS\WinSxS\amd64_microsoft.windows.common-controls_6595b64144ccf1df_6.0.19041.4355_none_60b8b9eb71f62e16\COMCTL32.dll
0x00007ffd41940000 - 0x00007ffd41962000 	C:\WINDOWS\System32\win32u.dll
0x00007ffd421e0000 - 0x00007ffd4220b000 	C:\WINDOWS\System32\GDI32.dll
0x00007ffd414d0000 - 0x00007ffd415e7000 	C:\WINDOWS\System32\gdi32full.dll
0x00007ffd41ad0000 - 0x00007ffd41b6d000 	C:\WINDOWS\System32\msvcp_win.dll
0x00007ffd3e710000 - 0x00007ffd3e71a000 	C:\WINDOWS\SYSTEM32\VERSION.dll
0x00007ffd42110000 - 0x00007ffd4213f000 	C:\WINDOWS\System32\IMM32.DLL
0x00007ffd407c0000 - 0x00007ffd4095c000 	C:\Program Files\Avecto\Privilege Guard Client\PGHook.dll
0x00007ffd3ede0000 - 0x00007ffd3edec000 	C:\Incub\openjdk-11\jdk-17\bin\vcruntime140_1.dll
0x00007ffd377d0000 - 0x00007ffd3785e000 	C:\Incub\openjdk-11\jdk-17\bin\msvcp140.dll
0x00007ffcdf4d0000 - 0x00007ffce00b1000 	C:\Incub\openjdk-11\jdk-17\bin\server\jvm.dll
0x00007ffd42f40000 - 0x00007ffd42f48000 	C:\WINDOWS\System32\PSAPI.DLL
0x00007ffd1fa40000 - 0x00007ffd1fa49000 	C:\WINDOWS\SYSTEM32\WSOCK32.dll
0x00007ffd428d0000 - 0x00007ffd4293b000 	C:\WINDOWS\System32\WS2_32.dll
0x00007ffd3ee20000 - 0x00007ffd3ee47000 	C:\WINDOWS\SYSTEM32\WINMM.dll
0x00007ffd3e730000 - 0x00007ffd3e742000 	C:\WINDOWS\SYSTEM32\kernel.appcore.dll
0x00007ffd3d260000 - 0x00007ffd3d26a000 	C:\Incub\openjdk-11\jdk-17\bin\jimage.dll
0x00007ffd40bf0000 - 0x00007ffd40dd4000 	C:\WINDOWS\SYSTEM32\DBGHELP.DLL
0x00007ffd40b30000 - 0x00007ffd40b64000 	C:\WINDOWS\SYSTEM32\dbgcore.DLL
0x00007ffd41360000 - 0x00007ffd413e2000 	C:\WINDOWS\System32\bcryptPrimitives.dll
0x00007ffd37c20000 - 0x00007ffd37c45000 	C:\Incub\openjdk-11\jdk-17\bin\java.dll

dbghelp: loaded successfully - version: 4.0.5 - missing functions: none
symbol engine: initialized successfully - sym options: 0x614 - pdb path: .;C:\Incub\openjdk-11\jdk-17\bin;C:\WINDOWS\SYSTEM32;C:\WINDOWS\WinSxS\amd64_microsoft.windows.common-controls_6595b64144ccf1df_6.0.19041.4355_none_60b8b9eb71f62e16;C:\Program Files\Avecto\Privilege Guard Client;C:\Incub\openjdk-11\jdk-17\bin\server

VM Arguments:
jvm_args: -Dfile.encoding=windows-1252 -Dstdout.encoding=windows-1252 -Dstderr.encoding=windows-1252 -XX:+ShowCodeDetailsInExceptionMessages 
java_command: com.sd.service.AzureDocumentIntelligenceClient
java_class_path (initial): C:\Temp\platform\platform\userservice\bin\main;C:\Temp\platform\platform\userservice\bin\default;C:\Users\320086703\.gradle\caches\modules-2\files-2.1\org.projectlombok\lombok\1.18.22\9c08ea24c6eb714e2d6170e8122c069a0ba9aacf\lombok-1.18.22.jar;C:\Users\320086703\.gradle\caches\modules-2\files-2.1\com.github.sayemkcn\jsontotable\v0.5\84e40f44ca9dd292f3e24e0309e8bb136bbb5ff0\jsontotable-v0.5.jar;C:\Users\320086703\.gradle\caches\modules-2\files-2.1\com.google.code.gson\gson\2.10.1\b3add478d4382b78ea20b1671390a858002feb6c\gson-2.10.1.jar;C:\Users\320086703\.gradle\caches\modules-2\files-2.1\org.springframework.boot\spring-boot-starter-web\3.2.1\e27e36d4222fd4d589e634e1c7f5f09f0316147c\spring-boot-starter-web-3.2.1.jar;C:\Users\320086703\.gradle\caches\modules-2\files-2.1\com.azure\azure-ai-formrecognizer\4.1.0\4d2670017d489174c038420f7869e95a94f6b66d\azure-ai-formrecognizer-4.1.0.jar;C:\Users\320086703\.gradle\caches\modules-2\files-2.1\commons-io\commons-io\2.15.1\f11560da189ab563a5c8e351941415430e9304ea\commons-io-2.15.1.jar;C:\Users\320086703\.gradle\caches\modules-2\files-2.1\com.itextpdf\itextpdf\5.5.13.3\5282897d446c3b736d63ef6e83043eb6f1943b4e\itextpdf-5.5.13.3.jar;C:\Users\320086703\.gradle\caches\modules-2\files-2.1\org.apache.pdfbox\pdfbox\3.0.0\8903a0ddcdcb138b335ac4cd08d4923eb4163b8f\pdfbox-3.0.0.jar;C:\Users\320086703\.gradle\caches\modules-2\files-2.1\org.bouncycastle\bcpkix-jdk18on\1.76\10c9cf5c1b4d64abeda28ee32fbade3b74373622\bcpkix-jdk18on-1.76.jar;C:\Users\320086703\.gradle\caches\modules-2\files-2.1\org.apache.logging.log4j\log4j-core\2.20.0\eb2a9a47b1396e00b5eee1264296729a70565cc0\log4j-core-2.20.0.jar;C:\Users\320086703\.gradle\caches\modules-2\files-2.1\org.springframework.boot\spring-boot-starter-json\3.2.1\ecda50de20ab6d3c49ea30df4c1982048f5d31ac\spring-boot-starter-json-3.2.1.jar;C:\Users\320086703\.gradle\caches\modules-2\files-2.1\org.springframework.boot\spring-boot-starter-data-jpa\3.2.1\3d48124f433375cf0113aa69
Launcher Type: SUN_STANDARD

[Global flags]
     intx CICompilerCount                          = 4                                         {product} {ergonomic}
     uint ConcGCThreads                            = 2                                         {product} {ergonomic}
     uint G1ConcRefinementThreads                  = 8                                         {product} {ergonomic}
   size_t G1HeapRegionSize                         = 2097152                                   {product} {ergonomic}
    uintx GCDrainStackTargetSize                   = 64                                        {product} {ergonomic}
   size_t InitialHeapSize                          = 266338304                                 {product} {ergonomic}
   size_t MarkStackSize                            = 4194304                                   {product} {ergonomic}
   size_t MaxHeapSize                              = 4232052736                                {product} {ergonomic}
   size_t MinHeapDeltaBytes                        = 2097152                                   {product} {ergonomic}
   size_t MinHeapSize                              = 8388608                                   {product} {ergonomic}
    uintx NonNMethodCodeHeapSize                   = 5839372                                {pd product} {ergonomic}
    uintx NonProfiledCodeHeapSize                  = 122909434                              {pd product} {ergonomic}
    uintx ProfiledCodeHeapSize                     = 122909434                              {pd product} {ergonomic}
    uintx ReservedCodeCacheSize                    = 251658240                              {pd product} {ergonomic}
     bool SegmentedCodeCache                       = true                                      {product} {ergonomic}
     bool ShowCodeDetailsInExceptionMessages       = true                                   {manageable} {command line}
   size_t SoftMaxHeapSize                          = 4232052736                             {manageable} {ergonomic}
     bool UseCompressedClassPointers               = true                           {product lp64_product} {ergonomic}
     bool UseCompressedOops                        = true                           {product lp64_product} {ergonomic}
     bool UseG1GC                                  = true                                      {product} {ergonomic}
     bool UseLargePagesIndividualAllocation        = false                                  {pd product} {ergonomic}

Logging:
Log output configuration:
 #0: stdout all=warning uptime,level,tags
 #1: stderr all=off uptime,level,tags

Environment Variables:
JAVA_HOME=C:\Incub\openjdk-11\jdk-17
PATH=C:/Incub/sts-4.21.0.RELEASE//plugins/org.eclipse.justj.openjdk.hotspot.jre.full.win32.x86_64_17.0.9.v20231028-0858/jre/bin/server;C:/Incub/sts-4.21.0.RELEASE//plugins/org.eclipse.justj.openjdk.hotspot.jre.full.win32.x86_64_17.0.9.v20231028-0858/jre/bin;C:\WINDOWS\CCM\;C:\WINDOWS\system32;C:\WINDOWS;C:\WINDOWS\System32\Wbem;C:\WINDOWS\System32\WindowsPowerShell\v1.0\;C:\WINDOWS\System32\OpenSSH\;C:\WINDOWS\system32\config\systemprofile\AppData\Local\Microsoft\WindowsApps;C:\Program Files\Git\cmd;C:\Incub\AWSCLIV2\;C:\Program Files\PuTTY\;C:\Python310\Scripts\;C:\Python310\;C:\WINDOWS\system32\config\systemprofile\AppData\Local\Microsoft\WindowsApps;C:\Incub\JetBrains\PyCharm2020.3.2\bin;;C:\Incub\sapnwrfc\nwrfcsdk\lib;C:\Incub\sapnwrfc\nwrfcsdk\bin;C:\Incub\apache-maven-3.8.1\bin;C:\Program Files\MicroK8s\kubectl;C:\WINDOWS\system32\config\systemprofile\.dotnet\tools;C:\WINDOWS\system32\config\systemprofile\go\bin;C:\Incub\Microsoft\VSCodeInsiders\bin;C:\Users\320086703\AppData\Roaming\npm;C:\Incub\nodejs;C:\Incub\AWSCLIV2;C:\Incub\JetBrains\IntelliJIDEACE2023.3.3\bin;;C:\Incub\Kubernetes\Lens\resources\cli\bin;C:\Users\320086703\AppData\Local\Google\Cloud SDK\google-cloud-sdk\bin;C:\Incub\Microsoft\VSCode\bin;C:\Incub\sf\bin;;C:\Incub\sts-4.21.0.RELEASE;
USERNAME=320086703
OS=Windows_NT
PROCESSOR_IDENTIFIER=Intel64 Family 6 Model 142 Stepping 12, GenuineIntel



---------------  S Y S T E M  ---------------

OS:
 Windows 10 , 64 bit Build 19041 (10.0.19041.4957)
OS uptime: 0 days 23:32 hours
Hyper-V role detected

CPU: total 8 (initial active 8) (4 cores per cpu, 2 threads per core) family 6 model 142 stepping 12 microcode 0xfa, cx8, cmov, fxsr, ht, mmx, 3dnowpref, sse, sse2, sse3, ssse3, sse4.1, sse4.2, popcnt, lzcnt, tsc, tscinvbit, avx, avx2, aes, erms, clmul, bmi1, bmi2, adx, fma, vzeroupper, clflush, clflushopt, hv

Memory: 4k page, system-wide physical 16140M (906M free)
TotalPageFile size 22284M (AvailPageFile size 278M)
current process WorkingSet (physical memory assigned to process): 11M, peak: 11M
current process commit charge ("private bytes"): 60M, peak: 314M

vm_info: Java HotSpot(TM) 64-Bit Server VM (17.0.9+11-LTS-201) for windows-amd64 JRE (17.0.9+11-LTS-201), built on Oct 10 2023 23:16:06 by "mach5one" with MS VC++ 17.1 (VS2022)

END.
